<?xml version="1.0" encoding="UTF-8"?>
<testsuite name="com.affirm.takehome.FormatterUtilsTest" tests="3" skipped="0" failures="0" errors="0" timestamp="2022-01-21T21:01:03" hostname="PC-3" time="0.018">
  <properties/>
  <testcase name="format places test" classname="com.affirm.takehome.FormatterUtilsTest" time="0.017"/>
  <testcase name="format yelp test" classname="com.affirm.takehome.FormatterUtilsTest" time="0.001"/>
  <testcase name="createPlacesPhoto test" classname="com.affirm.takehome.FormatterUtilsTest" time="0.0"/>
  <system-out><![CDATA[]]></system-out>
  <system-err><![CDATA[]]></system-err>
</testsuite>
